# JRE version: Java(TM) SE Runtime Environment (16.0.1+9) (build 16.0.1+9-24)
# Java VM: Java HotSpot(TM) 64-Bit Server VM (16.0.1+9-24, mixed mode, sharing, tiered, compressed oops, compressed class ptrs, g1 gc, windows-amd64)
GC Precious Log:
 CPUs: 4 total, 4 available
 Memory: 3490M
 Large Page Support: Disabled
 NUMA Support: Disabled
 Compressed Oops: Enabled (32-bit)
 Heap Region Size: 1M
 Heap Min Capacity: 8M
 Heap Initial Capacity: 56M
 Heap Max Capacity: 874M
 Pre-touch: Disabled
 Parallel Workers: 4
 Concurrent Workers: 1
 Concurrent Refinement Workers: 4
 Periodic GC: Disabled
Heap:
 garbage-first heap   total 163840K, used 63043K [0x00000000c9600000, 0x0000000100000000)
  region size 1024K, 22 young (22528K), 3 survivors (3072K)
 Metaspace       used 58182K, committed 58560K, reserved 1105920K
  class space    used 7608K, committed 7808K, reserved 1048576K
GC Heap History (20 events):
Event: 38.304 GC heap before
{Heap before GC invocations=22 (full 0):
 garbage-first heap   total 48128K, used 29397K [0x00000000c9600000, 0x0000000100000000)
  region size 1024K, 7 young (7168K), 2 survivors (2048K)
 Metaspace       used 55238K, committed 55552K, reserved 1097728K
  class space    used 7277K, committed 7424K, reserved 1048576K
}
Event: 38.310 GC heap after
{Heap after GC invocations=23 (full 0):
 garbage-first heap   total 48128K, used 25836K [0x00000000c9600000, 0x0000000100000000)
  region size 1024K, 1 young (1024K), 1 survivors (1024K)
 Metaspace       used 55238K, committed 55552K, reserved 1097728K
  class space    used 7277K, committed 7424K, reserved 1048576K
}
Event: 38.476 GC heap before
{Heap before GC invocations=23 (full 0):
 garbage-first heap   total 48128K, used 37100K [0x00000000c9600000, 0x0000000100000000)
  region size 1024K, 12 young (12288K), 1 survivors (1024K)
 Metaspace       used 55258K, committed 55552K, reserved 1097728K
  class space    used 7277K, committed 7424K, reserved 1048576K
}
Event: 38.481 GC heap after
{Heap after GC invocations=24 (full 0):
 garbage-first heap   total 48128K, used 28356K [0x00000000c9600000, 0x0000000100000000)
  region size 1024K, 2 young (2048K), 2 survivors (2048K)
 Metaspace       used 55258K, committed 55552K, reserved 1097728K
  class space    used 7277K, committed 7424K, reserved 1048576K
}
Event: 38.643 GC heap before
{Heap before GC invocations=25 (full 0):
 garbage-first heap   total 51200K, used 36548K [0x00000000c9600000, 0x0000000100000000)
  region size 1024K, 11 young (11264K), 2 survivors (2048K)
 Metaspace       used 55272K, committed 55616K, reserved 1097728K
  class space    used 7277K, committed 7424K, reserved 1048576K
}
Event: 38.649 GC heap after
{Heap after GC invocations=26 (full 0):
 garbage-first heap   total 51200K, used 30373K [0x00000000c9600000, 0x0000000100000000)
  region size 1024K, 2 young (2048K), 2 survivors (2048K)
 Metaspace       used 55272K, committed 55616K, reserved 1097728K
  class space    used 7277K, committed 7424K, reserved 1048576K
}
Event: 38.828 GC heap before
{Heap before GC invocations=26 (full 0):
 garbage-first heap   total 51200K, used 39589K [0x00000000c9600000, 0x0000000100000000)
  region size 1024K, 11 young (11264K), 2 survivors (2048K)
 Metaspace       used 55321K, committed 55744K, reserved 1097728K
  class space    used 7285K, committed 7488K, reserved 1048576K
}
Event: 38.838 GC heap after
{Heap after GC invocations=27 (full 0):
 garbage-first heap   total 64512K, used 34063K [0x00000000c9600000, 0x0000000100000000)
  region size 1024K, 2 young (2048K), 2 survivors (2048K)
 Metaspace       used 55321K, committed 55744K, reserved 1097728K
  class space    used 7285K, committed 7488K, reserved 1048576K
}
Event: 39.196 GC heap before
{Heap before GC invocations=28 (full 0):
 garbage-first heap   total 64512K, used 47375K [0x00000000c9600000, 0x0000000100000000)
  region size 1024K, 15 young (15360K), 2 survivors (2048K)
 Metaspace       used 55364K, committed 55744K, reserved 1097728K
  class space    used 7288K, committed 7488K, reserved 1048576K
}
Event: 39.204 GC heap after
{Heap after GC invocations=29 (full 0):
 garbage-first heap   total 64512K, used 37050K [0x00000000c9600000, 0x0000000100000000)
  region size 1024K, 2 young (2048K), 2 survivors (2048K)
 Metaspace       used 55364K, committed 55744K, reserved 1097728K
  class space    used 7288K, committed 7488K, reserved 1048576K
}
Event: 39.310 GC heap before
{Heap before GC invocations=29 (full 0):
 garbage-first heap   total 64512K, used 47290K [0x00000000c9600000, 0x0000000100000000)
  region size 1024K, 13 young (13312K), 2 survivors (2048K)
 Metaspace       used 55374K, committed 55744K, reserved 1097728K
  class space    used 7288K, committed 7488K, reserved 1048576K
}
Event: 39.317 GC heap after
{Heap after GC invocations=30 (full 0):
 garbage-first heap   total 64512K, used 39918K [0x00000000c9600000, 0x0000000100000000)
  region size 1024K, 2 young (2048K), 2 survivors (2048K)
 Metaspace       used 55374K, committed 55744K, reserved 1097728K
  class space    used 7288K, committed 7488K, reserved 1048576K
}
Event: 39.546 GC heap before
{Heap before GC invocations=31 (full 0):
 garbage-first heap   total 81920K, used 49134K [0x00000000c9600000, 0x0000000100000000)
  region size 1024K, 11 young (11264K), 2 survivors (2048K)
 Metaspace       used 55403K, committed 55808K, reserved 1097728K
  class space    used 7288K, committed 7488K, reserved 1048576K
}
Event: 39.555 GC heap after
{Heap after GC invocations=32 (full 0):
 garbage-first heap   total 81920K, used 43194K [0x00000000c9600000, 0x0000000100000000)
  region size 1024K, 2 young (2048K), 2 survivors (2048K)
 Metaspace       used 55403K, committed 55808K, reserved 1097728K
  class space    used 7288K, committed 7488K, reserved 1048576K
}
Event: 39.591 GC heap before
{Heap before GC invocations=32 (full 0):
 garbage-first heap   total 81920K, used 44218K [0x00000000c9600000, 0x0000000100000000)
  region size 1024K, 4 young (4096K), 2 survivors (2048K)
 Metaspace       used 55405K, committed 55808K, reserved 1097728K
  class space    used 7288K, committed 7488K, reserved 1048576K
}
Event: 39.599 GC heap after
{Heap after GC invocations=33 (full 0):
 garbage-first heap   total 81920K, used 36673K [0x00000000c9600000, 0x0000000100000000)
  region size 1024K, 1 young (1024K), 1 survivors (1024K)
 Metaspace       used 55405K, committed 55808K, reserved 1097728K
  class space    used 7288K, committed 7488K, reserved 1048576K
}
Event: 39.681 GC heap before
{Heap before GC invocations=33 (full 0):
 garbage-first heap   total 81920K, used 45889K [0x00000000c9600000, 0x0000000100000000)
  region size 1024K, 11 young (11264K), 1 survivors (1024K)
 Metaspace       used 55412K, committed 55808K, reserved 1097728K
  class space    used 7288K, committed 7488K, reserved 1048576K
}
Event: 39.687 GC heap after
{Heap after GC invocations=34 (full 0):
 garbage-first heap   total 81920K, used 38588K [0x00000000c9600000, 0x0000000100000000)
  region size 1024K, 3 young (3072K), 3 survivors (3072K)
 Metaspace       used 55412K, committed 55808K, reserved 1097728K
  class space    used 7288K, committed 7488K, reserved 1048576K
}
Event: 39.896 GC heap before
{Heap before GC invocations=34 (full 0):
 garbage-first heap   total 81920K, used 59068K [0x00000000c9600000, 0x0000000100000000)
  region size 1024K, 23 young (23552K), 3 survivors (3072K)
 Metaspace       used 55423K, committed 55808K, reserved 1097728K
  class space    used 7288K, committed 7488K, reserved 1048576K
}
Event: 39.912 GC heap after
{Heap after GC invocations=35 (full 0):
 garbage-first heap   total 163840K, used 44611K [0x00000000c9600000, 0x0000000100000000)
  region size 1024K, 3 young (3072K), 3 survivors (3072K)
 Metaspace       used 55423K, committed 55808K, reserved 1097728K
  class space    used 7288K, committed 7488K, reserved 1048576K
}

